-- $_SERVER:
Array
(
    [UNIQUE_ID] => UJ2RpsCoAAIAAHFess8AAAAG
    [GIT_PROJECT_ROOT] => /srv/apache/git/
    [GIT_HTTP_EXPORT_ALL] => 
    [HTTP_USER_AGENT] => git/1.7.11.msysgit.1
    [HTTP_HOST] => x
    [HTTP_ACCEPT] => */*
    [HTTP_PRAGMA] => no-cache
    [PATH] => /usr/local/sbin:/usr/local/bin:/usr/sbin:/usr/bin:/sbin:/bin
    [SERVER_SIGNATURE] => <address>Apache/2.2.23 (Unix) mod_ssl/2.2.23 OpenSSL/1.0.1c DAV/2 PHP/5.4.8 Server at x Port x</address>

    [SERVER_SOFTWARE] => Apache/2.2.23 (Unix) mod_ssl/2.2.23 OpenSSL/1.0.1c DAV/2 PHP/5.4.8
    [SERVER_NAME] => x
    [SERVER_ADDR] => x
    [SERVER_PORT] => x
    [REMOTE_ADDR] => x
    [DOCUMENT_ROOT] => 
    [SERVER_ADMIN] => you@example.com
    [SCRIPT_FILENAME] => /srv/apache/git/php-git-http-backend
    [REMOTE_PORT] => 49825
    [GATEWAY_INTERFACE] => CGI/1.1
    [SERVER_PROTOCOL] => HTTP/1.1
    [REQUEST_METHOD] => GET
    [QUERY_STRING] => service=git-upload-pack
    [REQUEST_URI] => /nativegit/repos/proty/info/refs?service=git-upload-pack
    [SCRIPT_NAME] => /srv/apache/git/php-git-http-backend
    [PATH_INFO] => /repos/proty/info/refs
    [PATH_TRANSLATED] => /srv/apache/git/php-git-http-backend
    [PHP_SELF] => /srv/apache/git/php-git-http-backend
    [REQUEST_TIME_FLOAT] => 1352503718.227
    [REQUEST_TIME] => 1352503718
    [argv] => Array
        (
            [0] => /srv/apache/git/php-git-http-backend
        )

    [argc] => 1
)
-- \ENV:
Array
(
)
-- $_SERVER:
Array
(
    [UNIQUE_ID] => UJ2RpsCoAAIAAHFestAAAAAG
    [GIT_PROJECT_ROOT] => /srv/apache/git/
    [GIT_HTTP_EXPORT_ALL] => 
    [HTTP_USER_AGENT] => git/1.7.11.msysgit.1
    [HTTP_HOST] => x
    [HTTP_ACCEPT] => */*
    [HTTP_PRAGMA] => no-cache
    [PATH] => /usr/local/sbin:/usr/local/bin:/usr/sbin:/usr/bin:/sbin:/bin
    [SERVER_SIGNATURE] => <address>Apache/2.2.23 (Unix) mod_ssl/2.2.23 OpenSSL/1.0.1c DAV/2 PHP/5.4.8 Server at x Port x</address>

    [SERVER_SOFTWARE] => Apache/2.2.23 (Unix) mod_ssl/2.2.23 OpenSSL/1.0.1c DAV/2 PHP/5.4.8
    [SERVER_NAME] => x
    [SERVER_ADDR] => x
    [SERVER_PORT] => x
    [REMOTE_ADDR] => x
    [DOCUMENT_ROOT] => 
    [SERVER_ADMIN] => you@example.com
    [SCRIPT_FILENAME] => /srv/apache/git/php-git-http-backend
    [REMOTE_PORT] => 49825
    [GATEWAY_INTERFACE] => CGI/1.1
    [SERVER_PROTOCOL] => HTTP/1.1
    [REQUEST_METHOD] => GET
    [QUERY_STRING] => 
    [REQUEST_URI] => /nativegit/repos/proty/HEAD
    [SCRIPT_NAME] => /srv/apache/git/php-git-http-backend
    [PATH_INFO] => /repos/proty/HEAD
    [PATH_TRANSLATED] => /srv/apache/git/php-git-http-backend
    [PHP_SELF] => /srv/apache/git/php-git-http-backend
    [REQUEST_TIME_FLOAT] => 1352503718.2852
    [REQUEST_TIME] => 1352503718
    [argv] => Array
        (
            [0] => /srv/apache/git/php-git-http-backend
        )

    [argc] => 1
)
-- \ENV:
Array
(
)
-- $_SERVER:
Array
(
    [UNIQUE_ID] => UJ2bl8CoAAIAAHwqC50AAAAA
    [GIT_PROJECT_ROOT] => /srv/apache/git/
    [GIT_HTTP_EXPORT_ALL] => 
    [HTTP_USER_AGENT] => curl/7.28.0
    [HTTP_HOST] => x
    [CONTENT_TYPE] => application/x-git-upload-pack-request
    [HTTP_ACCEPT] => application/x-git-upload-pack-result
    [CONTENT_LENGTH] => 186
    [PATH] => /usr/local/sbin:/usr/local/bin:/usr/sbin:/usr/bin:/sbin:/bin
    [SERVER_SIGNATURE] => <address>Apache/2.2.23 (Unix) mod_ssl/2.2.23 OpenSSL/1.0.1c DAV/2 PHP/5.4.8 Server at x Port x</address>

    [SERVER_SOFTWARE] => Apache/2.2.23 (Unix) mod_ssl/2.2.23 OpenSSL/1.0.1c DAV/2 PHP/5.4.8
    [SERVER_NAME] => x
    [SERVER_ADDR] => x
    [SERVER_PORT] => x
    [REMOTE_ADDR] => x
    [DOCUMENT_ROOT] => 
    [SERVER_ADMIN] => you@example.com
    [SCRIPT_FILENAME] => /srv/apache/git/php-git-http-backend
    [REMOTE_PORT] => 56243
    [GATEWAY_INTERFACE] => CGI/1.1
    [SERVER_PROTOCOL] => HTTP/1.1
    [REQUEST_METHOD] => POST
    [QUERY_STRING] => 
    [REQUEST_URI] => /nativegit/repos/proty/git-upload-pack
    [SCRIPT_NAME] => /srv/apache/git/php-git-http-backend
    [PATH_INFO] => /repos/proty/git-upload-pack
    [PATH_TRANSLATED] => /srv/apache/git/php-git-http-backend
    [PHP_SELF] => /srv/apache/git/php-git-http-backend
    [REQUEST_TIME_FLOAT] => 1352506263.4962
    [REQUEST_TIME] => 1352506263
    [argv] => Array
        (
            [0] => /srv/apache/git/php-git-http-backend
        )

    [argc] => 1
)
-- \ENV:
Array
(
)
-- $_SERVER:
Array
(
    [UNIQUE_ID] => UJ2gAMCoAAIAAHwsC-EAAAAC
    [GIT_PROJECT_ROOT] => /srv/apache/git/
    [GIT_HTTP_EXPORT_ALL] => 
    [HTTP_USER_AGENT] => git/1.7.11.msysgit.1
    [HTTP_HOST] => x
    [HTTP_ACCEPT] => */*
    [HTTP_PRAGMA] => no-cache
    [PATH] => /usr/local/sbin:/usr/local/bin:/usr/sbin:/usr/bin:/sbin:/bin
    [SERVER_SIGNATURE] => <address>Apache/2.2.23 (Unix) mod_ssl/2.2.23 OpenSSL/1.0.1c DAV/2 PHP/5.4.8 Server at x Port x</address>

    [SERVER_SOFTWARE] => Apache/2.2.23 (Unix) mod_ssl/2.2.23 OpenSSL/1.0.1c DAV/2 PHP/5.4.8
    [SERVER_NAME] => x
    [SERVER_ADDR] => x
    [SERVER_PORT] => x
    [REMOTE_ADDR] => x
    [DOCUMENT_ROOT] => 
    [SERVER_ADMIN] => you@example.com
    [SCRIPT_FILENAME] => /srv/apache/git/php-git-http-backend
    [REMOTE_PORT] => 50146
    [GATEWAY_INTERFACE] => CGI/1.1
    [SERVER_PROTOCOL] => HTTP/1.1
    [REQUEST_METHOD] => GET
    [QUERY_STRING] => service=git-upload-pack
    [REQUEST_URI] => /nativegit/repos/proty/info/refs?service=git-upload-pack
    [SCRIPT_NAME] => /srv/apache/git/php-git-http-backend
    [PATH_INFO] => /repos/proty/info/refs
    [PATH_TRANSLATED] => /srv/apache/git/php-git-http-backend
    [PHP_SELF] => /srv/apache/git/php-git-http-backend
    [REQUEST_TIME_FLOAT] => 1352507392.8167
    [REQUEST_TIME] => 1352507392
    [argv] => Array
        (
            [0] => /srv/apache/git/php-git-http-backend
        )

    [argc] => 1
)
-- \ENV:
Array
(
)
-- $_SERVER:
Array
(
    [UNIQUE_ID] => UJ2gAMCoAAIAAHwsC-IAAAAC
    [GIT_PROJECT_ROOT] => /srv/apache/git/
    [GIT_HTTP_EXPORT_ALL] => 
    [HTTP_USER_AGENT] => git/1.7.11.msysgit.1
    [HTTP_HOST] => x
    [HTTP_ACCEPT] => */*
    [HTTP_PRAGMA] => no-cache
    [PATH] => /usr/local/sbin:/usr/local/bin:/usr/sbin:/usr/bin:/sbin:/bin
    [SERVER_SIGNATURE] => <address>Apache/2.2.23 (Unix) mod_ssl/2.2.23 OpenSSL/1.0.1c DAV/2 PHP/5.4.8 Server at x Port x</address>

    [SERVER_SOFTWARE] => Apache/2.2.23 (Unix) mod_ssl/2.2.23 OpenSSL/1.0.1c DAV/2 PHP/5.4.8
    [SERVER_NAME] => x
    [SERVER_ADDR] => x
    [SERVER_PORT] => x
    [REMOTE_ADDR] => x
    [DOCUMENT_ROOT] => 
    [SERVER_ADMIN] => you@example.com
    [SCRIPT_FILENAME] => /srv/apache/git/php-git-http-backend
    [REMOTE_PORT] => 50146
    [GATEWAY_INTERFACE] => CGI/1.1
    [SERVER_PROTOCOL] => HTTP/1.1
    [REQUEST_METHOD] => GET
    [QUERY_STRING] => 
    [REQUEST_URI] => /nativegit/repos/proty/HEAD
    [SCRIPT_NAME] => /srv/apache/git/php-git-http-backend
    [PATH_INFO] => /repos/proty/HEAD
    [PATH_TRANSLATED] => /srv/apache/git/php-git-http-backend
    [PHP_SELF] => /srv/apache/git/php-git-http-backend
    [REQUEST_TIME_FLOAT] => 1352507392.8751
    [REQUEST_TIME] => 1352507392
    [argv] => Array
        (
            [0] => /srv/apache/git/php-git-http-backend
        )

    [argc] => 1
)
-- \ENV:
Array
(
)
